2020-10-05 17:01:35,849 - INFO - logger set up
2020-10-05 17:01:35,851 - INFO - #####Print_Config######
2020-10-05 17:01:35,852 - INFO - DEBUG:True
2020-10-05 17:01:35,854 - INFO - image_size:256
2020-10-05 17:01:35,855 - INFO - epochs:1
2020-10-05 17:01:35,856 - INFO - es_patience:3
2020-10-05 17:01:35,857 - INFO - batch_size:16
2020-10-05 17:01:35,859 - INFO - num_workers:8
2020-10-05 17:01:35,860 - INFO - kfold:2
2020-10-05 17:01:35,860 - INFO - b_num:b1
2020-10-05 17:01:35,863 - INFO - train_aug,val_aug:FalseFalse
2020-10-05 17:01:35,864 - INFO - --------path----------
2020-10-05 17:01:35,866 - INFO - model_name:efb1_im256_ampFalse_ver1
2020-10-05 17:01:35,868 - INFO - model_path:/content/drive/My Drive/00Colab Notebooks/11Kaggle/melanoma/model/DEBUG_:False
2020-10-05 17:01:35,869 - INFO - predict_path:/content/drive/My Drive/00Colab Notebooks/11Kaggle/melanoma/sub_3/DEBUG_:False
2020-10-05 17:01:35,871 - INFO - oof_path:/content/drive/My Drive/00Colab Notebooks/11Kaggle/melanoma/sub_3/DEBUG_:False
2020-10-05 17:01:35,872 - INFO - #########DEBUG-MODE#############
2020-10-05 17:01:35,873 - INFO - model_path:True
2020-10-05 17:01:35,875 - INFO - oof_path:True
2020-10-05 17:01:35,876 - INFO - predict_path:True
2020-10-05 17:01:35,878 - INFO - #####END######
2020-10-05 17:01:35,879 - INFO - device_CPU_GPU:cuda
2020-10-05 17:01:35,888 - INFO - ====================Fold0====================
2020-10-05 17:01:35,889 - INFO - criterion:BCEWithLogitsLoss()
2020-10-05 17:01:36,080 - INFO - device_GPU_True:True
2020-10-05 17:01:36,092 - INFO - Mon Oct  5 08:01:36 2020 Epoch:0
