2020-10-05 16:13:47,588 - INFO - logger set up
2020-10-05 16:13:47,589 - INFO - #####Print_Config######
2020-10-05 16:13:47,590 - INFO - DEBUG:True
2020-10-05 16:13:47,591 - INFO - image_size:256
2020-10-05 16:13:47,592 - INFO - epochs:1
2020-10-05 16:13:47,593 - INFO - es_patience:3
2020-10-05 16:13:47,594 - INFO - batch_size:16
2020-10-05 16:13:47,595 - INFO - num_workers:8
2020-10-05 16:13:47,597 - INFO - kfold:2
2020-10-05 16:13:47,598 - INFO - b_num:b1
2020-10-05 16:13:47,599 - INFO - train_aug,val_aug:TrueFalse
2020-10-05 16:13:47,600 - INFO - --------path----------
2020-10-05 16:13:47,601 - INFO - model_name:efb1_im256_ampFalse_ver1
2020-10-05 16:13:47,603 - INFO - model_path:/content/drive/My Drive/00Colab Notebooks/11Kaggle/melanoma/model/DEBUG_:False
2020-10-05 16:13:47,604 - INFO - predict_path:/content/drive/My Drive/00Colab Notebooks/11Kaggle/melanoma/sub_3/DEBUG_:False
2020-10-05 16:13:47,605 - INFO - oof_path:/content/drive/My Drive/00Colab Notebooks/11Kaggle/melanoma/sub_3/DEBUG_:False
2020-10-05 16:13:47,607 - INFO - #########DEBUG-MODE#############
2020-10-05 16:13:47,608 - INFO - model_path:True
2020-10-05 16:13:47,610 - INFO - oof_path:True
2020-10-05 16:13:47,611 - INFO - predict_path:True
2020-10-05 16:13:47,612 - INFO - #####END######
2020-10-05 16:13:47,613 - INFO - device_CPU_GPU:cuda
2020-10-05 16:13:47,621 - INFO - ====================Fold0====================
2020-10-05 16:13:47,621 - INFO - criterion:BCEWithLogitsLoss()
2020-10-05 16:13:47,786 - INFO - device_GPU_True:True
2020-10-05 16:13:47,797 - INFO - Mon Oct  5 07:13:47 2020 Epoch:0
