2020-10-05 16:48:37,288 - INFO - logger set up
2020-10-05 16:48:37,290 - INFO - #####Print_Config######
2020-10-05 16:48:37,291 - INFO - DEBUG:True
2020-10-05 16:48:37,292 - INFO - image_size:256
2020-10-05 16:48:37,294 - INFO - epochs:1
2020-10-05 16:48:37,295 - INFO - es_patience:3
2020-10-05 16:48:37,296 - INFO - batch_size:16
2020-10-05 16:48:37,298 - INFO - num_workers:8
2020-10-05 16:48:37,300 - INFO - kfold:2
2020-10-05 16:48:37,301 - INFO - b_num:b1
2020-10-05 16:48:37,302 - INFO - train_aug,val_aug:FalseFalse
2020-10-05 16:48:37,303 - INFO - --------path----------
2020-10-05 16:48:37,306 - INFO - model_name:efb1_im256_ampFalse_ver1
2020-10-05 16:48:37,308 - INFO - model_path:/content/drive/My Drive/00Colab Notebooks/11Kaggle/melanoma/model/DEBUG_:False
2020-10-05 16:48:37,310 - INFO - predict_path:/content/drive/My Drive/00Colab Notebooks/11Kaggle/melanoma/sub_3/DEBUG_:False
2020-10-05 16:48:37,312 - INFO - oof_path:/content/drive/My Drive/00Colab Notebooks/11Kaggle/melanoma/sub_3/DEBUG_:False
2020-10-05 16:48:37,314 - INFO - #########DEBUG-MODE#############
2020-10-05 16:48:37,316 - INFO - model_path:True
2020-10-05 16:48:37,317 - INFO - oof_path:True
2020-10-05 16:48:37,318 - INFO - predict_path:True
2020-10-05 16:48:37,319 - INFO - #####END######
2020-10-05 16:48:37,321 - INFO - device_CPU_GPU:cuda
2020-10-05 16:48:37,329 - INFO - ====================Fold0====================
2020-10-05 16:48:37,331 - INFO - criterion:BCEWithLogitsLoss()
2020-10-05 16:48:37,524 - INFO - device_GPU_True:True
2020-10-05 16:48:37,534 - INFO - Mon Oct  5 07:48:37 2020 Epoch:0
