2020-10-05 16:12:26,752 - INFO - logger set up
2020-10-05 16:12:26,753 - INFO - #####Print_Config######
2020-10-05 16:12:26,754 - INFO - DEBUG:True
2020-10-05 16:12:26,755 - INFO - image_size:256
2020-10-05 16:12:26,757 - INFO - epochs:1
2020-10-05 16:12:26,758 - INFO - es_patience:3
2020-10-05 16:12:26,760 - INFO - batch_size:16
2020-10-05 16:12:26,760 - INFO - num_workers:8
2020-10-05 16:12:26,762 - INFO - kfold:2
2020-10-05 16:12:26,763 - INFO - b_num:b1
2020-10-05 16:12:26,764 - INFO - train_aug,val_aug:TrueFalse
2020-10-05 16:12:26,766 - INFO - --------path----------
2020-10-05 16:12:26,767 - INFO - model_name:efb1_im256_ampFalse_ver1
2020-10-05 16:12:26,769 - INFO - model_path:/content/drive/My Drive/00Colab Notebooks/11Kaggle/melanoma/model/DEBUG_:False
2020-10-05 16:12:26,772 - INFO - predict_path:/content/drive/My Drive/00Colab Notebooks/11Kaggle/melanoma/sub_3/DEBUG_:False
2020-10-05 16:12:26,774 - INFO - oof_path:/content/drive/My Drive/00Colab Notebooks/11Kaggle/melanoma/sub_3/DEBUG_:False
2020-10-05 16:12:26,775 - INFO - #########DEBUG-MODE#############
2020-10-05 16:12:26,776 - INFO - model_path:True
2020-10-05 16:12:26,778 - INFO - oof_path:True
2020-10-05 16:12:26,779 - INFO - predict_path:True
2020-10-05 16:12:26,780 - INFO - #####END######
2020-10-05 16:12:26,783 - INFO - device_CPU_GPU:cuda
2020-10-05 16:12:26,793 - INFO - ====================Fold0====================
2020-10-05 16:12:26,794 - INFO - criterion:BCEWithLogitsLoss()
2020-10-05 16:12:27,040 - INFO - device_GPU_True:True
2020-10-05 16:12:27,049 - INFO - Mon Oct  5 07:12:27 2020 Epoch:0
2020-10-05 16:12:29,706 - INFO - loss: 0.69554, smth: 0.69554
2020-10-05 16:12:30,006 - INFO - loss: 0.56599, smth: 0.63077
2020-10-05 16:12:30,223 - INFO - loss: 0.49232, smth: 0.58462
2020-10-05 16:12:30,420 - INFO - loss: 0.45030, smth: 0.55104
2020-10-05 16:12:30,683 - INFO - loss: 0.27478, smth: 0.49579
2020-10-05 16:12:30,935 - INFO - loss: 0.24997, smth: 0.45482
2020-10-05 16:12:31,249 - INFO - loss: 0.20882, smth: 0.41968
2020-10-05 16:12:31,496 - INFO - loss: 0.10949, smth: 0.38090
2020-10-05 16:12:31,726 - INFO - loss: 0.29429, smth: 0.37128
2020-10-05 16:12:31,902 - INFO - loss: 0.21575, smth: 0.35573
2020-10-05 16:12:32,096 - INFO - loss: 0.08568, smth: 0.33118
2020-10-05 16:12:32,291 - INFO - loss: 0.15296, smth: 0.31633
2020-10-05 16:12:32,470 - INFO - loss: 0.05627, smth: 0.29632
2020-10-05 16:12:32,649 - INFO - loss: 0.09551, smth: 0.28198
2020-10-05 16:12:32,830 - INFO - loss: 0.25472, smth: 0.28016
2020-10-05 16:12:33,023 - INFO - loss: 0.05461, smth: 0.26606
2020-10-05 16:12:33,215 - INFO - loss: 0.05057, smth: 0.25339
2020-10-05 16:12:33,400 - INFO - loss: 0.04572, smth: 0.24185
2020-10-05 16:12:33,637 - INFO - loss: 0.05634, smth: 0.23209
2020-10-05 16:12:33,840 - INFO - loss: 0.43064, smth: 0.24201
2020-10-05 16:12:34,032 - INFO - loss: 0.03953, smth: 0.23237
2020-10-05 16:12:34,218 - INFO - loss: 0.02662, smth: 0.22302
2020-10-05 16:12:34,447 - INFO - loss: 0.04337, smth: 0.21521
2020-10-05 16:12:34,667 - INFO - loss: 0.03951, smth: 0.20789
2020-10-05 16:12:34,919 - INFO - loss: 0.53744, smth: 0.22107
2020-10-05 16:12:35,105 - INFO - loss: 0.04488, smth: 0.21429
2020-10-05 16:12:35,291 - INFO - loss: 0.02450, smth: 0.20726
2020-10-05 16:12:35,555 - INFO - loss: 0.03525, smth: 0.20112
2020-10-05 16:12:35,778 - INFO - loss: 0.03371, smth: 0.19535
2020-10-05 16:12:35,967 - INFO - loss: 0.31462, smth: 0.19932
2020-10-05 16:12:36,178 - INFO - loss: 0.35294, smth: 0.20428
2020-10-05 16:12:36,440 - INFO - loss: 0.17461, smth: 0.20335
2020-10-05 16:12:36,632 - INFO - loss: 0.30723, smth: 0.20650
2020-10-05 16:12:36,832 - INFO - loss: 0.07082, smth: 0.20251
2020-10-05 16:12:37,040 - INFO - loss: 0.12318, smth: 0.20024
2020-10-05 16:12:37,223 - INFO - loss: 0.54218, smth: 0.20974
2020-10-05 16:12:37,417 - INFO - loss: 0.07152, smth: 0.20601
2020-10-05 16:12:37,605 - INFO - loss: 0.04487, smth: 0.20176
2020-10-05 16:12:37,798 - INFO - loss: 0.03501, smth: 0.19749
2020-10-05 16:12:38,009 - INFO - loss: 0.32241, smth: 0.20061
2020-10-05 16:12:38,277 - INFO - loss: 0.02582, smth: 0.19635
2020-10-05 16:12:38,488 - INFO - loss: 0.02342, smth: 0.19223
2020-10-05 16:12:38,673 - INFO - loss: 0.05306, smth: 0.18900
2020-10-05 16:12:38,858 - INFO - loss: 0.01449, smth: 0.18503
2020-10-05 16:12:39,037 - INFO - loss: 0.01533, smth: 0.18126
2020-10-05 16:12:39,227 - INFO - loss: 0.30467, smth: 0.18394
2020-10-05 16:12:39,409 - INFO - loss: 0.01368, smth: 0.18032
2020-10-05 16:12:39,598 - INFO - loss: 0.01897, smth: 0.17696
2020-10-05 16:12:39,789 - INFO - loss: 0.55280, smth: 0.18463
2020-10-05 16:12:39,966 - INFO - loss: 0.62751, smth: 0.19348
2020-10-05 16:12:40,163 - INFO - loss: 0.04224, smth: 0.19052
2020-10-05 16:12:40,376 - INFO - loss: 0.03196, smth: 0.18747
2020-10-05 16:12:40,565 - INFO - loss: 0.04093, smth: 0.18470
2020-10-05 16:12:40,767 - INFO - loss: 0.03954, smth: 0.18202
2020-10-05 16:12:41,012 - INFO - loss: 0.03708, smth: 0.17938
2020-10-05 16:12:41,195 - INFO - loss: 0.02053, smth: 0.17654
2020-10-05 16:12:41,379 - INFO - loss: 0.04808, smth: 0.17429
2020-10-05 16:12:41,556 - INFO - loss: 0.02123, smth: 0.17165
2020-10-05 16:12:41,778 - INFO - loss: 0.01550, smth: 0.16901
2020-10-05 16:12:41,948 - INFO - loss: 0.11075, smth: 0.16803
2020-10-05 16:12:42,137 - INFO - loss: 0.01587, smth: 0.16554
2020-10-05 16:12:42,315 - INFO - loss: 0.01323, smth: 0.16308
2020-10-05 16:12:42,496 - INFO - loss: 0.43951, smth: 0.16747
2020-10-05 16:12:42,693 - INFO - loss: 0.33314, smth: 0.17006
2020-10-05 16:12:42,909 - INFO - loss: 0.02296, smth: 0.16780
2020-10-05 16:12:43,084 - INFO - loss: 0.34970, smth: 0.17055
2020-10-05 16:12:43,264 - INFO - loss: 0.02569, smth: 0.16839
2020-10-05 16:12:43,456 - INFO - loss: 0.02477, smth: 0.16628
2020-10-05 16:12:43,681 - INFO - loss: 0.47953, smth: 0.17082
2020-10-05 16:12:43,877 - INFO - loss: 0.05050, smth: 0.16910
2020-10-05 16:12:44,143 - INFO - loss: 0.01966, smth: 0.16699
2020-10-05 16:12:44,327 - INFO - loss: 0.03178, smth: 0.16512
2020-10-05 16:12:44,512 - INFO - loss: 0.02698, smth: 0.16322
2020-10-05 16:12:44,691 - INFO - loss: 0.01968, smth: 0.16128
2020-10-05 16:12:44,898 - INFO - loss: 0.01898, smth: 0.15939
2020-10-05 16:12:45,073 - INFO - loss: 0.21002, smth: 0.16005
2020-10-05 16:12:45,251 - INFO - loss: 0.02704, smth: 0.15833
2020-10-05 16:12:45,449 - INFO - loss: 0.02267, smth: 0.15659
2020-10-05 16:12:45,638 - INFO - loss: 0.01831, smth: 0.15484
2020-10-05 16:12:45,831 - INFO - loss: 0.02308, smth: 0.15319
2020-10-05 16:12:46,033 - INFO - loss: 0.37297, smth: 0.15590
2020-10-05 16:12:46,233 - INFO - loss: 0.01875, smth: 0.15423
2020-10-05 16:12:46,455 - INFO - loss: 0.01574, smth: 0.15256
2020-10-05 16:12:46,653 - INFO - loss: 0.01551, smth: 0.15093
2020-10-05 16:12:46,846 - INFO - loss: 0.21806, smth: 0.15172
2020-10-05 16:12:47,033 - INFO - loss: 0.59035, smth: 0.15682
2020-10-05 16:12:47,220 - INFO - loss: 0.01918, smth: 0.15524
2020-10-05 16:12:47,395 - INFO - loss: 0.02458, smth: 0.15375
2020-10-05 16:12:47,575 - INFO - loss: 0.02223, smth: 0.15228
2020-10-05 16:12:47,754 - INFO - loss: 0.02725, smth: 0.15089
2020-10-05 16:12:47,960 - INFO - loss: 0.02219, smth: 0.14947
2020-10-05 16:12:48,153 - INFO - loss: 0.01830, smth: 0.14805
2020-10-05 16:12:48,337 - INFO - loss: 0.31043, smth: 0.14979
2020-10-05 16:12:48,524 - INFO - loss: 0.01824, smth: 0.14839
2020-10-05 16:12:48,708 - INFO - loss: 0.01757, smth: 0.14702
2020-10-05 16:12:48,912 - INFO - loss: 0.01751, smth: 0.14567
2020-10-05 16:12:49,105 - INFO - loss: 0.30034, smth: 0.14726
2020-10-05 16:12:49,296 - INFO - loss: 0.02076, smth: 0.14597
2020-10-05 16:12:49,491 - INFO - loss: 0.02063, smth: 0.14470
2020-10-05 16:12:49,711 - INFO - loss: 0.01825, smth: 0.14344
2020-10-05 16:12:49,913 - INFO - loss: 0.26850, smth: 0.13917
2020-10-05 16:12:50,122 - INFO - loss: 0.02150, smth: 0.13372
2020-10-05 16:12:50,337 - INFO - loss: 0.01891, smth: 0.12899
2020-10-05 16:12:50,592 - INFO - loss: 0.22855, smth: 0.12677
2020-10-05 16:12:50,771 - INFO - loss: 0.60710, smth: 0.13010
2020-10-05 16:12:50,989 - INFO - loss: 0.03728, smth: 0.12797
2020-10-05 16:12:51,179 - INFO - loss: 0.32466, smth: 0.12913
2020-10-05 16:12:51,360 - INFO - loss: 0.04700, smth: 0.12850
2020-10-05 16:12:51,575 - INFO - loss: 0.03601, smth: 0.12592
2020-10-05 16:12:51,790 - INFO - loss: 0.16042, smth: 0.12537
2020-10-05 16:12:51,997 - INFO - loss: 0.04701, smth: 0.12498
2020-10-05 16:12:52,190 - INFO - loss: 0.05534, smth: 0.12400
2020-10-05 16:12:52,410 - INFO - loss: 0.05270, smth: 0.12397
2020-10-05 16:12:52,634 - INFO - loss: 0.04619, smth: 0.12347
2020-10-05 16:12:52,818 - INFO - loss: 0.29748, smth: 0.12390
2020-10-05 16:12:52,995 - INFO - loss: 0.02224, smth: 0.12358
2020-10-05 16:12:53,176 - INFO - loss: 0.03599, smth: 0.12343
2020-10-05 16:12:53,370 - INFO - loss: 0.02373, smth: 0.12321
2020-10-05 16:12:53,564 - INFO - loss: 0.01996, smth: 0.12285
2020-10-05 16:12:53,800 - INFO - loss: 0.02547, smth: 0.11880
2020-10-05 16:12:54,007 - INFO - loss: 0.02370, smth: 0.11864
2020-10-05 16:12:54,224 - INFO - loss: 0.01667, smth: 0.11854
2020-10-05 16:12:54,444 - INFO - loss: 0.01460, smth: 0.11825
2020-10-05 16:12:54,690 - INFO - loss: 0.01177, smth: 0.11797
2020-10-05 16:12:54,910 - INFO - loss: 0.51170, smth: 0.11772
2020-10-05 16:12:55,165 - INFO - loss: 0.01456, smth: 0.11741
2020-10-05 16:12:55,379 - INFO - loss: 0.01183, smth: 0.11729
2020-10-05 16:12:55,618 - INFO - loss: 0.00948, smth: 0.11703
2020-10-05 16:12:55,800 - INFO - loss: 0.01147, smth: 0.11681
2020-10-05 16:12:55,975 - INFO - loss: 0.01428, smth: 0.11380
2020-10-05 16:12:56,161 - INFO - loss: 0.69492, smth: 0.11722
2020-10-05 16:12:56,388 - INFO - loss: 0.01274, smth: 0.11561
2020-10-05 16:12:56,577 - INFO - loss: 0.01692, smth: 0.11270
2020-10-05 16:12:56,816 - INFO - loss: 0.01390, smth: 0.11213
2020-10-05 16:12:57,027 - INFO - loss: 0.01573, smth: 0.11106
2020-10-05 16:12:57,204 - INFO - loss: 0.01332, smth: 0.10577
2020-10-05 16:12:57,385 - INFO - loss: 0.22148, smth: 0.10727
2020-10-05 16:12:57,583 - INFO - loss: 0.01566, smth: 0.10698
2020-10-05 16:12:57,811 - INFO - loss: 0.01613, smth: 0.10679
2020-10-05 16:12:58,044 - INFO - loss: 0.02826, smth: 0.10385
2020-10-05 16:12:58,237 - INFO - loss: 0.21532, smth: 0.10574
2020-10-05 16:12:58,418 - INFO - loss: 0.33305, smth: 0.10884
2020-10-05 16:12:58,606 - INFO - loss: 0.03527, smth: 0.10866
2020-10-05 16:12:58,811 - INFO - loss: 0.01793, smth: 0.10869
2020-10-05 16:12:59,030 - INFO - loss: 0.02165, smth: 0.10876
2020-10-05 16:12:59,243 - INFO - loss: 0.25121, smth: 0.10822
2020-10-05 16:12:59,470 - INFO - loss: 0.01981, smth: 0.10828
2020-10-05 16:12:59,657 - INFO - loss: 0.01933, smth: 0.10829
2020-10-05 16:12:59,832 - INFO - loss: 0.02067, smth: 0.10297
2020-10-05 16:13:00,033 - INFO - loss: 0.27224, smth: 0.09941
2020-10-05 16:13:00,206 - INFO - loss: 0.02150, smth: 0.09921
2020-10-05 16:13:00,388 - INFO - loss: 0.26866, smth: 0.10157
2020-10-05 16:13:00,574 - INFO - loss: 0.02100, smth: 0.10137
2020-10-05 16:13:00,747 - INFO - loss: 0.02780, smth: 0.10126
2020-10-05 16:13:00,942 - INFO - loss: 0.25929, smth: 0.10348
2020-10-05 16:13:01,169 - INFO - loss: 0.02263, smth: 0.10350
2020-10-05 16:13:01,373 - INFO - loss: 0.02159, smth: 0.10324
2020-10-05 16:13:01,615 - INFO - loss: 0.23008, smth: 0.10532
2020-10-05 16:13:01,820 - INFO - loss: 0.34131, smth: 0.10858
2020-10-05 16:13:02,020 - INFO - loss: 0.02778, smth: 0.10775
2020-10-05 16:13:02,197 - INFO - loss: 0.02585, smth: 0.10785
2020-10-05 16:13:02,377 - INFO - loss: 0.03268, smth: 0.10805
2020-10-05 16:13:02,578 - INFO - loss: 0.32876, smth: 0.10694
2020-10-05 16:13:02,811 - INFO - loss: 0.02787, smth: 0.10389
2020-10-05 16:13:02,995 - INFO - loss: 0.03771, smth: 0.10403
2020-10-05 16:13:03,179 - INFO - loss: 0.23311, smth: 0.10287
2020-10-05 16:13:03,366 - INFO - loss: 0.18578, smth: 0.10447
2020-10-05 16:13:03,542 - INFO - loss: 0.03981, smth: 0.10462
2020-10-05 16:13:03,716 - INFO - loss: 0.28123, smth: 0.10264
2020-10-05 16:13:03,906 - INFO - loss: 0.03173, smth: 0.10245
2020-10-05 16:13:04,154 - INFO - loss: 0.04766, smth: 0.10273
2020-10-05 16:13:04,408 - INFO - loss: 0.03039, smth: 0.10271
2020-10-05 16:13:04,596 - INFO - loss: 0.03523, smth: 0.10280
2020-10-05 16:13:04,806 - INFO - loss: 0.04309, smth: 0.10303
2020-10-05 16:13:05,997 - INFO - loss: 0.03490, smth: 0.10319
2020-10-05 16:13:05,182 - INFO - loss: 0.02290, smth: 0.10132
2020-10-05 16:13:05,373 - INFO - loss: 0.40985, smth: 0.10515
2020-10-05 16:13:05,560 - INFO - loss: 0.02493, smth: 0.10517
2020-10-05 16:13:05,739 - INFO - loss: 0.52718, smth: 0.11026
2020-10-05 16:13:05,924 - INFO - loss: 0.02364, smth: 0.11026
2020-10-05 16:13:06,235 - INFO - loss: 0.02400, smth: 0.10677
2020-10-05 16:13:06,441 - INFO - loss: 0.02566, smth: 0.10684
2020-10-05 16:13:06,631 - INFO - loss: 0.02863, smth: 0.10697
2020-10-05 16:13:06,816 - INFO - loss: 0.02583, smth: 0.10708
2020-10-05 16:13:07,039 - INFO - loss: 0.02568, smth: 0.10515
2020-10-05 16:13:07,212 - INFO - loss: 0.02290, smth: 0.09948
2020-10-05 16:13:07,399 - INFO - loss: 0.01846, smth: 0.09947
2020-10-05 16:13:07,589 - INFO - loss: 0.02114, smth: 0.09944
2020-10-05 16:13:07,781 - INFO - loss: 0.01701, smth: 0.09938
2020-10-05 16:13:07,974 - INFO - loss: 0.01700, smth: 0.09928
2020-10-05 16:13:08,170 - INFO - loss: 0.01430, smth: 0.09920
2020-10-05 16:13:08,354 - INFO - loss: 0.44735, smth: 0.10349
2020-10-05 16:13:08,553 - INFO - loss: 0.01374, smth: 0.10053
2020-10-05 16:13:08,772 - INFO - loss: 0.01205, smth: 0.10046
