2020-10-05 15:53:49,964 - INFO - logger set up
2020-10-05 15:53:49,965 - INFO - #####Print_Config######
2020-10-05 15:53:49,966 - INFO - DEBUG:True
2020-10-05 15:53:49,967 - INFO - image_size:256
2020-10-05 15:53:49,968 - INFO - epochs:1
2020-10-05 15:53:49,970 - INFO - es_patience:3
2020-10-05 15:53:49,970 - INFO - batch_size:16
2020-10-05 15:53:49,971 - INFO - num_workers:8
2020-10-05 15:53:49,972 - INFO - kfold:2
2020-10-05 15:53:49,974 - INFO - b_num:b1
2020-10-05 15:53:49,975 - INFO - train_aug,val_aug:TrueFalse
2020-10-05 15:53:49,976 - INFO - --------path----------
2020-10-05 15:53:49,978 - INFO - model_name:efb1_im256_ampFalse_ver1
2020-10-05 15:53:49,979 - INFO - model_path:/content/drive/My Drive/00Colab Notebooks/11Kaggle/melanoma/model/DEBUG_:False
2020-10-05 15:53:49,981 - INFO - predict_path:/content/drive/My Drive/00Colab Notebooks/11Kaggle/melanoma/sub_3/DEBUG_:False
2020-10-05 15:53:49,982 - INFO - oof_path:/content/drive/My Drive/00Colab Notebooks/11Kaggle/melanoma/sub_3/DEBUG_:False
2020-10-05 15:53:49,984 - INFO - #########DEBUG-MODE#############
2020-10-05 15:53:49,985 - INFO - model_path:True
2020-10-05 15:53:49,987 - INFO - oof_path:True
2020-10-05 15:53:49,988 - INFO - predict_path:True
2020-10-05 15:53:49,989 - INFO - #####END######
2020-10-05 15:53:49,991 - INFO - device_CPU_GPU:cuda
2020-10-05 15:53:49,999 - INFO - ====================Fold0====================
2020-10-05 15:53:50,001 - INFO - criterion:BCEWithLogitsLoss()
2020-10-05 15:53:50,176 - INFO - device_GPU_True:True
2020-10-05 15:53:50,186 - INFO - Mon Oct  5 06:53:50 2020 Epoch:0
