2020-10-05 17:35:43,339 - INFO - logger set up
2020-10-05 17:35:43,340 - INFO - #####Print_Config######
2020-10-05 17:35:43,342 - INFO - DEBUG:True
2020-10-05 17:35:43,343 - INFO - image_size:256
2020-10-05 17:35:43,345 - INFO - epochs:1
2020-10-05 17:35:43,346 - INFO - es_patience:3
2020-10-05 17:35:43,349 - INFO - batch_size:16
2020-10-05 17:35:43,350 - INFO - num_workers:8
2020-10-05 17:35:43,351 - INFO - kfold:2
2020-10-05 17:35:43,352 - INFO - b_num:b1
2020-10-05 17:35:43,353 - INFO - train_aug,val_aug:FalseFalse
2020-10-05 17:35:43,355 - INFO - --------path----------
2020-10-05 17:35:43,356 - INFO - model_name:efb1_im256_ampFalse_ver1
2020-10-05 17:35:43,358 - INFO - model_path:/content/drive/My Drive/00Colab Notebooks/11Kaggle/melanoma/model/DEBUG_:False
2020-10-05 17:35:43,360 - INFO - predict_path:/content/drive/My Drive/00Colab Notebooks/11Kaggle/melanoma/sub_3/DEBUG_:False
2020-10-05 17:35:43,361 - INFO - oof_path:/content/drive/My Drive/00Colab Notebooks/11Kaggle/melanoma/sub_3/DEBUG_:False
2020-10-05 17:35:43,362 - INFO - #########DEBUG-MODE#############
2020-10-05 17:35:43,363 - INFO - model_path:True
2020-10-05 17:35:43,365 - INFO - oof_path:True
2020-10-05 17:35:43,366 - INFO - predict_path:True
2020-10-05 17:35:43,367 - INFO - #####END######
2020-10-05 17:35:43,369 - INFO - device_CPU_GPU:cuda
2020-10-05 17:35:43,378 - INFO - ====================Fold0====================
2020-10-05 17:35:43,379 - INFO - criterion:BCEWithLogitsLoss()
2020-10-05 17:35:43,568 - INFO - device_GPU_True:True
2020-10-05 17:35:43,579 - INFO - Mon Oct  5 08:35:43 2020 Epoch:0
