2020-10-05 17:10:58,692 - INFO - logger set up
2020-10-05 17:10:58,694 - INFO - #####Print_Config######
2020-10-05 17:10:58,695 - INFO - DEBUG:True
2020-10-05 17:10:58,696 - INFO - image_size:256
2020-10-05 17:10:58,698 - INFO - epochs:1
2020-10-05 17:10:58,699 - INFO - es_patience:3
2020-10-05 17:10:58,701 - INFO - batch_size:16
2020-10-05 17:10:58,703 - INFO - num_workers:8
2020-10-05 17:10:58,704 - INFO - kfold:2
2020-10-05 17:10:58,706 - INFO - b_num:b1
2020-10-05 17:10:58,708 - INFO - train_aug,val_aug:FalseFalse
2020-10-05 17:10:58,709 - INFO - --------path----------
2020-10-05 17:10:58,710 - INFO - model_name:efb1_im256_ampFalse_ver1
2020-10-05 17:10:58,713 - INFO - model_path:/content/drive/My Drive/00Colab Notebooks/11Kaggle/melanoma/model/DEBUG_:False
2020-10-05 17:10:58,714 - INFO - predict_path:/content/drive/My Drive/00Colab Notebooks/11Kaggle/melanoma/sub_3/DEBUG_:False
2020-10-05 17:10:58,716 - INFO - oof_path:/content/drive/My Drive/00Colab Notebooks/11Kaggle/melanoma/sub_3/DEBUG_:False
2020-10-05 17:10:58,717 - INFO - #########DEBUG-MODE#############
2020-10-05 17:10:58,720 - INFO - model_path:True
2020-10-05 17:10:58,721 - INFO - oof_path:True
2020-10-05 17:10:58,723 - INFO - predict_path:True
2020-10-05 17:10:58,724 - INFO - #####END######
2020-10-05 17:10:58,725 - INFO - device_CPU_GPU:cuda
2020-10-05 17:10:58,735 - INFO - ====================Fold0====================
2020-10-05 17:10:58,736 - INFO - criterion:BCEWithLogitsLoss()
2020-10-05 17:10:58,940 - INFO - device_GPU_True:True
2020-10-05 17:10:58,951 - INFO - Mon Oct  5 08:10:58 2020 Epoch:0
