2020-10-05 17:18:33,814 - INFO - logger set up
2020-10-05 17:18:33,819 - INFO - #####Print_Config######
2020-10-05 17:18:33,820 - INFO - DEBUG:True
2020-10-05 17:18:33,822 - INFO - image_size:256
2020-10-05 17:18:33,823 - INFO - epochs:1
2020-10-05 17:18:33,824 - INFO - es_patience:3
2020-10-05 17:18:33,826 - INFO - batch_size:16
2020-10-05 17:18:33,828 - INFO - num_workers:8
2020-10-05 17:18:33,829 - INFO - kfold:2
2020-10-05 17:18:33,830 - INFO - b_num:b1
2020-10-05 17:18:33,832 - INFO - train_aug,val_aug:FalseFalse
2020-10-05 17:18:33,833 - INFO - --------path----------
2020-10-05 17:18:33,834 - INFO - model_name:efb1_im256_ampFalse_ver1
2020-10-05 17:18:33,836 - INFO - model_path:/content/drive/My Drive/00Colab Notebooks/11Kaggle/melanoma/model/DEBUG_:False
2020-10-05 17:18:33,837 - INFO - predict_path:/content/drive/My Drive/00Colab Notebooks/11Kaggle/melanoma/sub_3/DEBUG_:False
2020-10-05 17:18:33,839 - INFO - oof_path:/content/drive/My Drive/00Colab Notebooks/11Kaggle/melanoma/sub_3/DEBUG_:False
2020-10-05 17:18:33,840 - INFO - #########DEBUG-MODE#############
2020-10-05 17:18:33,842 - INFO - model_path:True
2020-10-05 17:18:33,843 - INFO - oof_path:True
2020-10-05 17:18:33,844 - INFO - predict_path:True
2020-10-05 17:18:33,845 - INFO - #####END######
2020-10-05 17:18:33,847 - INFO - device_CPU_GPU:cuda
2020-10-05 17:18:33,855 - INFO - ====================Fold0====================
2020-10-05 17:18:33,857 - INFO - criterion:BCEWithLogitsLoss()
