2020-10-05 17:01:26,965 - INFO - logger set up
2020-10-05 17:01:26,967 - INFO - #####Print_Config######
2020-10-05 17:01:26,968 - INFO - DEBUG:True
2020-10-05 17:01:26,970 - INFO - image_size:256
2020-10-05 17:01:26,971 - INFO - epochs:1
2020-10-05 17:01:26,972 - INFO - es_patience:3
2020-10-05 17:01:26,974 - INFO - batch_size:16
2020-10-05 17:01:26,975 - INFO - num_workers:8
2020-10-05 17:01:26,976 - INFO - kfold:2
2020-10-05 17:01:26,977 - INFO - b_num:b1
2020-10-05 17:01:26,979 - INFO - train_aug,val_aug:FalseFalse
2020-10-05 17:01:26,981 - INFO - --------path----------
2020-10-05 17:01:26,983 - INFO - model_name:efb1_im256_ampFalse_ver1
2020-10-05 17:01:26,985 - INFO - model_path:/content/drive/My Drive/00Colab Notebooks/11Kaggle/melanoma/model/DEBUG_:False
2020-10-05 17:01:26,987 - INFO - predict_path:/content/drive/My Drive/00Colab Notebooks/11Kaggle/melanoma/sub_3/DEBUG_:False
2020-10-05 17:01:26,988 - INFO - oof_path:/content/drive/My Drive/00Colab Notebooks/11Kaggle/melanoma/sub_3/DEBUG_:False
2020-10-05 17:01:26,990 - INFO - #########DEBUG-MODE#############
2020-10-05 17:01:26,991 - INFO - model_path:True
2020-10-05 17:01:26,993 - INFO - oof_path:True
2020-10-05 17:01:26,994 - INFO - predict_path:True
2020-10-05 17:01:26,995 - INFO - #####END######
2020-10-05 17:01:26,998 - INFO - device_CPU_GPU:cuda
2020-10-05 17:01:27,008 - INFO - ====================Fold0====================
2020-10-05 17:01:27,011 - INFO - criterion:BCEWithLogitsLoss()
2020-10-05 17:01:27,284 - INFO - device_GPU_True:True
2020-10-05 17:01:27,295 - INFO - Mon Oct  5 08:01:27 2020 Epoch:0
