2020-10-05 17:21:04,292 - INFO - logger set up
2020-10-05 17:21:04,293 - INFO - #####Print_Config######
2020-10-05 17:21:04,295 - INFO - DEBUG:True
2020-10-05 17:21:04,296 - INFO - image_size:256
2020-10-05 17:21:04,298 - INFO - epochs:1
2020-10-05 17:21:04,299 - INFO - es_patience:3
2020-10-05 17:21:04,300 - INFO - batch_size:16
2020-10-05 17:21:04,302 - INFO - num_workers:8
2020-10-05 17:21:04,303 - INFO - kfold:2
2020-10-05 17:21:04,305 - INFO - b_num:b1
2020-10-05 17:21:04,306 - INFO - train_aug,val_aug:FalseFalse
2020-10-05 17:21:04,307 - INFO - --------path----------
2020-10-05 17:21:04,308 - INFO - model_name:efb1_im256_ampFalse_ver1
2020-10-05 17:21:04,312 - INFO - model_path:/content/drive/My Drive/00Colab Notebooks/11Kaggle/melanoma/model/DEBUG_:False
2020-10-05 17:21:04,313 - INFO - predict_path:/content/drive/My Drive/00Colab Notebooks/11Kaggle/melanoma/sub_3/DEBUG_:False
2020-10-05 17:21:04,314 - INFO - oof_path:/content/drive/My Drive/00Colab Notebooks/11Kaggle/melanoma/sub_3/DEBUG_:False
2020-10-05 17:21:04,315 - INFO - #########DEBUG-MODE#############
2020-10-05 17:21:04,317 - INFO - model_path:True
2020-10-05 17:21:04,318 - INFO - oof_path:True
2020-10-05 17:21:04,320 - INFO - predict_path:True
2020-10-05 17:21:04,320 - INFO - #####END######
2020-10-05 17:21:04,321 - INFO - device_CPU_GPU:cuda
2020-10-05 17:21:04,331 - INFO - ====================Fold0====================
2020-10-05 17:21:04,332 - INFO - criterion:BCEWithLogitsLoss()
2020-10-05 17:21:04,522 - INFO - device_GPU_True:True
2020-10-05 17:21:04,532 - INFO - Mon Oct  5 08:21:04 2020 Epoch:0
