2020-10-02 10:36:58,061 - INFO - logger set up
2020-10-02 10:36:58,062 - INFO - #####Print_Config######
2020-10-02 10:36:58,062 - INFO - DEBUG:True
2020-10-02 10:36:58,063 - INFO - image_size:256
2020-10-02 10:36:58,063 - INFO - epochs:1
2020-10-02 10:36:58,063 - INFO - es_patience:3
2020-10-02 10:36:58,063 - INFO - batch_size:64
2020-10-02 10:36:58,063 - INFO - num_workers:8
2020-10-02 10:36:58,063 - INFO - kfold:2
2020-10-02 10:36:58,063 - INFO - b_num:b1
2020-10-02 10:36:58,063 - INFO - train_aug,val_aug:FalseFalse
2020-10-02 10:36:58,063 - INFO - --------path----------
2020-10-02 10:36:58,064 - INFO - model_name:efb1_im256_ampTrue_ver1
2020-10-02 10:36:58,064 - INFO - model_path:/content/drive/My Drive/00Colab Notebooks/11Kaggle/melanoma/model/DEBUG_:False
2020-10-02 10:36:58,064 - INFO - predict_path:/content/drive/My Drive/00Colab Notebooks/11Kaggle/melanoma/sub_3/DEBUG_:False
2020-10-02 10:36:58,064 - INFO - oof_path:/content/drive/My Drive/00Colab Notebooks/11Kaggle/melanoma/sub_3/DEBUG_:False
2020-10-02 10:36:58,065 - INFO - #########DEBUG-MODE#############
2020-10-02 10:36:58,065 - INFO - model_path:True
2020-10-02 10:36:58,065 - INFO - oof_path:True
2020-10-02 10:36:58,065 - INFO - predict_path:True
2020-10-02 10:36:58,065 - INFO - #####END######
2020-10-02 10:36:58,092 - INFO - device_CPU_GPU:cuda
2020-10-02 10:37:02,216 - INFO - ====================Fold0====================
2020-10-02 10:37:02,216 - INFO - criterion:BCEWithLogitsLoss()
2020-10-02 10:37:02,397 - INFO - device_GPU_True:True
