2020-10-01 23:45:34,387 - INFO - logger set up
2020-10-01 23:45:34,388 - INFO - #####Print_Config######
2020-10-01 23:45:34,389 - INFO - DEBUG:True
2020-10-01 23:45:34,389 - INFO - image_size:32
2020-10-01 23:45:34,389 - INFO - epochs:1
2020-10-01 23:45:34,389 - INFO - es_patience:3
2020-10-01 23:45:34,389 - INFO - batch_size:32
2020-10-01 23:45:34,390 - INFO - num_workers:8
2020-10-01 23:45:34,390 - INFO - kfold:2
2020-10-01 23:45:34,390 - INFO - b_num:b1
2020-10-01 23:45:34,390 - INFO - train_aug,val_aug:FalseFalse
2020-10-01 23:45:34,390 - INFO - --------path----------
2020-10-01 23:45:34,390 - INFO - model_name:efb1_im32_tta2_ver1
2020-10-01 23:45:34,391 - INFO - model_path:/content/drive/My Drive/00Colab Notebooks/11Kaggle/melanoma/model/DEBUG_:False
2020-10-01 23:45:34,392 - INFO - predict_path:/content/drive/My Drive/00Colab Notebooks/11Kaggle/melanoma/sub_3/DEBUG_:False
2020-10-01 23:45:34,392 - INFO - oof_path:/content/drive/My Drive/00Colab Notebooks/11Kaggle/melanoma/sub_3/DEBUG_:False
2020-10-01 23:45:34,392 - INFO - #########DEBUG-MODE#############
2020-10-01 23:45:34,393 - INFO - model_path:True
2020-10-01 23:45:34,393 - INFO - oof_path:True
2020-10-01 23:45:34,394 - INFO - predict_path:True
2020-10-01 23:45:34,394 - INFO - #####END######
2020-10-01 23:45:34,461 - INFO - device_CPU_GPU:cuda
2020-10-01 23:45:44,700 - INFO - ====================Fold0====================
2020-10-01 23:45:44,701 - INFO - criterion:BCEWithLogitsLoss()
2020-10-01 23:45:47,057 - INFO - device_GPU_True:True
2020-10-01 23:46:53,854 - INFO - Epoch 001: | Loss: 70.425 | Train acc: 0.970 | Val acc: 0.982 | Val roc_auc: 0.635 | Training time: 0:01:06
2020-10-01 23:47:11,407 - INFO - ====================Fold1====================
2020-10-01 23:47:11,408 - INFO - criterion:BCEWithLogitsLoss()
2020-10-01 23:47:11,642 - INFO - device_GPU_True:True
2020-10-01 23:48:17,772 - INFO - Epoch 001: | Loss: 63.561 | Train acc: 0.973 | Val acc: 0.982 | Val roc_auc: 0.708 | Training time: 0:01:06
