2020-10-02 10:38:19,973 - INFO - logger set up
2020-10-02 10:38:19,974 - INFO - #####Print_Config######
2020-10-02 10:38:19,975 - INFO - DEBUG:True
2020-10-02 10:38:19,975 - INFO - image_size:256
2020-10-02 10:38:19,975 - INFO - epochs:1
2020-10-02 10:38:19,975 - INFO - es_patience:3
2020-10-02 10:38:19,975 - INFO - batch_size:64
2020-10-02 10:38:19,975 - INFO - num_workers:8
2020-10-02 10:38:19,975 - INFO - kfold:2
2020-10-02 10:38:19,976 - INFO - b_num:b1
2020-10-02 10:38:19,976 - INFO - train_aug,val_aug:FalseFalse
2020-10-02 10:38:19,976 - INFO - --------path----------
2020-10-02 10:38:19,976 - INFO - model_name:efb1_im256_ampTrue_ver1
2020-10-02 10:38:19,976 - INFO - model_path:/content/drive/My Drive/00Colab Notebooks/11Kaggle/melanoma/model/DEBUG_:False
2020-10-02 10:38:19,977 - INFO - predict_path:/content/drive/My Drive/00Colab Notebooks/11Kaggle/melanoma/sub_3/DEBUG_:False
2020-10-02 10:38:19,977 - INFO - oof_path:/content/drive/My Drive/00Colab Notebooks/11Kaggle/melanoma/sub_3/DEBUG_:False
2020-10-02 10:38:19,977 - INFO - #########DEBUG-MODE#############
2020-10-02 10:38:19,977 - INFO - model_path:True
2020-10-02 10:38:19,978 - INFO - oof_path:True
2020-10-02 10:38:19,978 - INFO - predict_path:True
2020-10-02 10:38:19,978 - INFO - #####END######
2020-10-02 10:38:20,006 - INFO - device_CPU_GPU:cuda
2020-10-02 10:38:24,175 - INFO - ====================Fold0====================
2020-10-02 10:38:24,176 - INFO - criterion:BCEWithLogitsLoss()
2020-10-02 10:38:24,340 - INFO - device_GPU_True:True
2020-10-02 10:39:53,555 - INFO - Epoch 001: | Loss: 23.606 | Train acc: 0.980 | Val acc: 0.982 | Val roc_auc: 0.797 | Training time: 0:01:29
2020-10-02 10:40:20,463 - INFO - ====================Fold1====================
2020-10-02 10:40:20,464 - INFO - criterion:BCEWithLogitsLoss()
2020-10-02 10:40:20,642 - INFO - device_GPU_True:True
2020-10-02 10:41:47,100 - INFO - Epoch 001: | Loss: 22.986 | Train acc: 0.980 | Val acc: 0.982 | Val roc_auc: 0.830 | Training time: 0:01:26
