2020-10-15 18:34:02,138 - INFO - logger set up
2020-10-15 18:34:02,140 - INFO - #########DEBUG-MODE#############
2020-10-15 18:34:02,141 - INFO - #####Print_Config######
2020-10-15 18:34:02,143 - INFO - {'image_name': 'image_name', 'target': 'target', 'extension': '.jpg', 'use_meta': True, 'use_external': True}
2020-10-15 18:34:02,144 - INFO - {'b_num': 'b1', 'out_features': 9, 'criterion': CrossEntropyLoss(), 'device': device(type='cuda'), 'use_meta': True}
2020-10-15 18:34:02,145 - INFO - {'DEBUG': True, 'USE_AMP': False, 'image_size': 256, 'epochs': 1, 'es_patience': 3, 'batch_size': 64, 'num_workers': 8, 'kfold': 2, 'fold_list': [0, 1, 2, 3, 4], 'train_aug': True, 'val_aug': False, 'test_aug': False, 'n_val': 1, 'TTA': 2, 'use_meta': True, 'target': 'target', 'out_features': 9, 'criterion': CrossEntropyLoss(), 'device': device(type='cuda')}
2020-10-15 18:34:02,147 - INFO - ----------------path------------------
2020-10-15 18:34:02,148 - INFO - {'df_train_preprocessed_path': '/content/df_train.csv', 'df_test_preprocessed_path': '/content/df_test.csv', 'VERSION': 2, 'model_path': '/content/drive/My Drive/00Colab Notebooks/11Kaggle/melanoma/model/DEBUG_efb1_im256_ampFalse_ver2', 'oof_path': '/content/drive/My Drive/00Colab Notebooks/11Kaggle/melanoma/sub_3/OOF_DEBUG_efb1_im256_ampFalse_ver2.csv', 'predict_path': '/content/drive/My Drive/00Colab Notebooks/11Kaggle/melanoma/sub_3/PREDICT_DEBUG_efb1_im256_ampFalse_ver2.csv', 'LOG_DIR': '/content/drive/My Drive/Pipeline/output_dir/', 'model_name': 'DEBUG_efb1_im256_ampFalse_ver2', 'LOG_NAME': 'DEBUG_training_log_efb1_im256_ampFalse_ver2'}
2020-10-15 18:34:02,150 - INFO - model_path_exist:True
2020-10-15 18:34:02,152 - INFO - oof_path_exist:True
2020-10-15 18:34:02,154 - INFO - predict_path_exist:True
2020-10-15 18:34:02,156 - INFO - LOG_DIR_exist:True
2020-10-15 18:34:02,157 - INFO - #####END######
2020-10-15 18:34:02,159 - INFO - ====================Fold0====================
2020-10-15 18:34:02,356 - INFO - device_GPU_True:True
2020-10-15 18:34:02,359 - INFO - Thu Oct 15 09:34:02 2020 Epoch:0
2020-10-15 18:34:40,515 - INFO - Thu Oct 15 09:34:40 2020 Fold 0, Epoch 0, lr: 0.0010000, train loss: 0.60962, valid loss: 0.77028, acc: 83.0400, val_auc: 0.600017, val_auc_20: 0.600017.
2020-10-15 18:34:40,516 - INFO - val_auc_max (0.000000 --> 0.600017). Saving model ...
2020-10-15 18:34:40,518 - INFO - save_path=/content/drive/My Drive/00Colab Notebooks/11Kaggle/melanoma/model/DEBUG_efb1_im256_ampFalse_ver2_fold0_1.pth
2020-10-15 18:34:40,671 - INFO - val_auc_20_max (0.000000 --> 0.600017). Saving model ...
2020-10-15 18:34:40,673 - INFO - save_path=/content/drive/My Drive/00Colab Notebooks/11Kaggle/melanoma/model/DEBUG_efb1_im256_ampFalse_ver2_fold0_1.pth
2020-10-15 18:34:40,817 - INFO - ====================Fold1====================
2020-10-15 18:34:41,014 - INFO - device_GPU_True:True
2020-10-15 18:34:41,020 - INFO - Thu Oct 15 09:34:41 2020 Epoch:0
2020-10-15 18:35:20,688 - INFO - Thu Oct 15 09:35:20 2020 Fold 1, Epoch 0, lr: 0.0010000, train loss: 0.58575, valid loss: 0.84427, acc: 83.6400, val_auc: 0.599512, val_auc_20: 0.599512.
2020-10-15 18:35:20,689 - INFO - val_auc_max (0.000000 --> 0.599512). Saving model ...
2020-10-15 18:35:20,691 - INFO - save_path=/content/drive/My Drive/00Colab Notebooks/11Kaggle/melanoma/model/DEBUG_efb1_im256_ampFalse_ver2_fold1_1.pth
2020-10-15 18:35:20,857 - INFO - val_auc_20_max (0.000000 --> 0.599512). Saving model ...
2020-10-15 18:35:20,859 - INFO - save_path=/content/drive/My Drive/00Colab Notebooks/11Kaggle/melanoma/model/DEBUG_efb1_im256_ampFalse_ver2_fold1_1.pth
2020-10-15 18:35:21,003 - INFO - train_finish
