2020-10-15 18:31:47,994 - INFO - logger set up
2020-10-15 18:31:47,996 - INFO - #########DEBUG-MODE#############
2020-10-15 18:31:47,997 - INFO - #####Print_Config######
2020-10-15 18:31:47,998 - INFO - {'image_name': 'image_name', 'target': 'target', 'extension': '.jpg', 'use_meta': True, 'use_external': True}
2020-10-15 18:31:48,999 - INFO - {'b_num': 'b1', 'out_features': 9, 'criterion': CrossEntropyLoss(), 'device': device(type='cuda'), 'use_meta': True}
2020-10-15 18:31:48,001 - INFO - {'DEBUG': True, 'USE_AMP': False, 'image_size': 256, 'epochs': 1, 'es_patience': 3, 'batch_size': 64, 'num_workers': 8, 'kfold': 2, 'fold_list': [0, 1, 2, 3, 4], 'train_aug': True, 'val_aug': False, 'test_aug': False, 'n_val': 1, 'TTA': 2, 'use_meta': True, 'target': 'target', 'out_features': 9, 'criterion': CrossEntropyLoss(), 'device': device(type='cuda')}
2020-10-15 18:31:48,002 - INFO - ----------------path------------------
2020-10-15 18:31:48,003 - INFO - {'df_train_preprocessed_path': '/content/df_train.csv', 'df_test_preprocessed_path': '/content/df_test.csv', 'VERSION': 2, 'model_path': '/content/drive/My Drive/00Colab Notebooks/11Kaggle/melanoma/model/DEBUG_efb1_im256_ampFalse_ver2', 'oof_path': '/content/drive/My Drive/00Colab Notebooks/11Kaggle/melanoma/sub_3/OOF_DEBUG_efb1_im256_ampFalse_ver2.csv', 'predict_path': '/content/drive/My Drive/00Colab Notebooks/11Kaggle/melanoma/sub_3/PREDICT_DEBUG_efb1_im256_ampFalse_ver2.csv', 'LOG_DIR': '/content/drive/My Drive/Pipeline/output_dir/', 'model_name': 'DEBUG_efb1_im256_ampFalse_ver2', 'LOG_NAME': 'DEBUG_training_log_efb1_im256_ampFalse_ver2'}
2020-10-15 18:31:48,005 - INFO - model_path_exist:True
2020-10-15 18:31:48,007 - INFO - oof_path_exist:True
2020-10-15 18:31:48,008 - INFO - predict_path_exist:True
2020-10-15 18:31:48,010 - INFO - LOG_DIR_exist:True
2020-10-15 18:31:48,011 - INFO - #####END######
2020-10-15 18:31:48,013 - INFO - ====================Fold0====================
2020-10-15 18:31:48,204 - INFO - device_GPU_True:True
2020-10-15 18:31:48,207 - INFO - Thu Oct 15 09:31:48 2020 Epoch:0
2020-10-15 18:32:26,501 - INFO - Thu Oct 15 09:32:26 2020 Fold 0, Epoch 0, lr: 0.0010000, train loss: 0.60962, valid loss: 0.77028, acc: 83.0400, val_auc: 0.600017, val_auc_20: 0.600017.
2020-10-15 18:32:26,502 - INFO - val_auc_max (0.000000 --> 0.600017). Saving model ...
2020-10-15 18:32:26,504 - INFO - save_path=/content/drive/My Drive/00Colab Notebooks/11Kaggle/melanoma/model/DEBUG_efb1_im256_ampFalse_ver2_fold0_1.pth
2020-10-15 18:32:26,662 - INFO - val_auc_20_max (0.000000 --> 0.600017). Saving model ...
2020-10-15 18:32:26,664 - INFO - save_path=/content/drive/My Drive/00Colab Notebooks/11Kaggle/melanoma/model/DEBUG_efb1_im256_ampFalse_ver2_fold0_1.pth
2020-10-15 18:32:26,818 - INFO - ====================Fold1====================
2020-10-15 18:32:27,101 - INFO - device_GPU_True:True
2020-10-15 18:32:27,106 - INFO - Thu Oct 15 09:32:27 2020 Epoch:0
2020-10-15 18:33:06,519 - INFO - Thu Oct 15 09:33:06 2020 Fold 1, Epoch 0, lr: 0.0010000, train loss: 0.58575, valid loss: 0.84427, acc: 83.6400, val_auc: 0.599512, val_auc_20: 0.599512.
2020-10-15 18:33:06,520 - INFO - val_auc_max (0.000000 --> 0.599512). Saving model ...
2020-10-15 18:33:06,521 - INFO - save_path=/content/drive/My Drive/00Colab Notebooks/11Kaggle/melanoma/model/DEBUG_efb1_im256_ampFalse_ver2_fold1_1.pth
2020-10-15 18:33:06,662 - INFO - val_auc_20_max (0.000000 --> 0.599512). Saving model ...
2020-10-15 18:33:06,665 - INFO - save_path=/content/drive/My Drive/00Colab Notebooks/11Kaggle/melanoma/model/DEBUG_efb1_im256_ampFalse_ver2_fold1_1.pth
2020-10-15 18:33:06,814 - INFO - train_finish
