2020-10-14 18:55:26,199 - INFO - logger set up
2020-10-14 18:55:26,202 - INFO - #########DEBUG-MODE#############
2020-10-14 18:55:26,203 - INFO - #####Print_Config######
2020-10-14 18:55:26,206 - INFO - {'image_name': 'image_name', 'target': 'target', 'extension': '.jpg', 'use_meta': True, 'use_external': True}
2020-10-14 18:55:26,207 - INFO - {'b_num': 'b1', 'out_features': 1, 'criterion': BCEWithLogitsLoss(), 'device': device(type='cuda'), 'use_meta': True}
2020-10-14 18:55:26,209 - INFO - {'DEBUG': True, 'USE_AMP': False, 'image_size': 256, 'epochs': 1, 'es_patience': 3, 'batch_size': 64, 'num_workers': 8, 'kfold': 2, 'train_aug': True, 'val_aug': False, 'test_aug': False, 'n_val': 1, 'TTA': 2, 'use_meta': True, 'target': 'target', 'out_features': 1, 'criterion': BCEWithLogitsLoss(), 'device': device(type='cuda')}
2020-10-14 18:55:26,211 - INFO - ----------------path------------------
2020-10-14 18:55:26,213 - INFO - {'df_train_preprocessed_path': '/content/df_train.csv', 'df_test_preprocessed_path': '/content/df_test.csv', 'VERSION': 3, 'model_path': '/content/drive/My Drive/00Colab Notebooks/11Kaggle/melanoma/model/DEBUG_efb1_im256_ampFalse_ver3', 'oof_path': '/content/drive/My Drive/00Colab Notebooks/11Kaggle/melanoma/sub_3/DEBUG_efb1_im256_ampFalse_ver3.csv', 'predict_path': '/content/drive/My Drive/00Colab Notebooks/11Kaggle/melanoma/sub_3/DEBUG_efb1_im256_ampFalse_ver3.csv', 'LOG_DIR': '/content/drive/My Drive/Pipeline/output_dir/', 'model_name': 'DEBUG_efb1_im256_ampFalse_ver3', 'LOG_NAME': 'DEBUG_training_log_efb1_im256_ampFalse_ver3'}
2020-10-14 18:55:26,215 - INFO - model_path_exist:True
2020-10-14 18:55:26,217 - INFO - oof_path_exist:True
2020-10-14 18:55:26,220 - INFO - predict_path_exist:True
2020-10-14 18:55:26,222 - INFO - LOG_DIR_exist:True
2020-10-14 18:55:26,223 - INFO - #####END######
2020-10-14 18:55:26,225 - INFO - ====================Fold0====================
2020-10-14 18:55:30,064 - INFO - device_GPU_True:True
2020-10-14 18:55:30,068 - INFO - Wed Oct 14 09:55:30 2020 Epoch:0
2020-10-14 18:56:16,378 - INFO - Wed Oct 14 09:56:16 2020 Fold 0, Epoch 0, lr: 0.0010000, train loss: 0.15187, valid loss: 0.17882, acc: 98.4400, val_auc: 0.721252, val_auc_20: 0.721252.
2020-10-14 18:56:16,379 - INFO - val_auc_max (0.000000 --> 0.721252). Saving model ...
2020-10-14 18:56:16,380 - INFO - save_path=/content/drive/My Drive/00Colab Notebooks/11Kaggle/melanoma/model/DEBUG_efb1_im256_ampFalse_ver3_fold0_1.pth
2020-10-14 18:56:16,550 - INFO - val_auc_20_max (0.000000 --> 0.721252). Saving model ...
2020-10-14 18:56:16,551 - INFO - save_path=/content/drive/My Drive/00Colab Notebooks/11Kaggle/melanoma/model/DEBUG_efb1_im256_ampFalse_ver3_fold0_1.pth
2020-10-14 18:56:16,702 - INFO - ====================Fold1====================
2020-10-14 18:56:16,954 - INFO - device_GPU_True:True
2020-10-14 18:56:16,959 - INFO - Wed Oct 14 09:56:16 2020 Epoch:0
2020-10-14 18:57:01,982 - INFO - Wed Oct 14 09:57:01 2020 Fold 1, Epoch 0, lr: 0.0010000, train loss: 0.14456, valid loss: 0.33763, acc: 98.4000, val_auc: 0.658862, val_auc_20: 0.658862.
2020-10-14 18:57:01,983 - INFO - val_auc_max (0.000000 --> 0.658862). Saving model ...
2020-10-14 18:57:01,985 - INFO - save_path=/content/drive/My Drive/00Colab Notebooks/11Kaggle/melanoma/model/DEBUG_efb1_im256_ampFalse_ver3_fold1_1.pth
2020-10-14 18:57:02,153 - INFO - val_auc_20_max (0.000000 --> 0.658862). Saving model ...
2020-10-14 18:57:02,155 - INFO - save_path=/content/drive/My Drive/00Colab Notebooks/11Kaggle/melanoma/model/DEBUG_efb1_im256_ampFalse_ver3_fold1_1.pth
2020-10-14 18:57:02,320 - INFO - train_finish
