2020-10-15 19:46:49,647 - INFO - logger set up
2020-10-15 19:46:49,648 - INFO - #########DEBUG-MODE#############
2020-10-15 19:46:49,650 - INFO - #####Print_Config######
2020-10-15 19:46:49,651 - INFO - {'image_name': 'image_name', 'target': 'target', 'extension': '.jpg', 'use_meta': True, 'use_external': True}
2020-10-15 19:46:49,652 - INFO - {'b_num': 'b1', 'out_features': 9, 'criterion': CrossEntropyLoss(), 'device': device(type='cuda'), 'use_meta': True}
2020-10-15 19:46:49,654 - INFO - {'DEBUG': True, 'USE_AMP': False, 'image_size': 256, 'epochs': 1, 'es_patience': 3, 'batch_size': 64, 'num_workers': 8, 'kfold': 2, 'fold_list': [0, 1, 2, 3, 4], 'train_aug': True, 'val_aug': False, 'test_aug': False, 'n_val': 1, 'TTA': 2, 'use_meta': True, 'target': 'target', 'out_features': 9, 'criterion': CrossEntropyLoss(), 'device': device(type='cuda')}
2020-10-15 19:46:49,656 - INFO - ----------------path------------------
2020-10-15 19:46:49,657 - INFO - {'df_train_preprocessed_path': '/content/df_train.csv', 'df_test_preprocessed_path': '/content/df_test.csv', 'VERSION': 2, 'model_path': '/content/drive/My Drive/00Colab Notebooks/11Kaggle/melanoma/model/DEBUG_efb1_im256_ampFalse_ver2', 'oof_path': '/content/drive/My Drive/00Colab Notebooks/11Kaggle/melanoma/sub_3/OOF_DEBUG_efb1_im256_ampFalse_ver2.csv', 'predict_path': '/content/drive/My Drive/00Colab Notebooks/11Kaggle/melanoma/sub_3/PREDICT_DEBUG_efb1_im256_ampFalse_ver2.csv', 'LOG_DIR': '/content/drive/My Drive/Pipeline/output_dir/', 'model_name': 'DEBUG_efb1_im256_ampFalse_ver2', 'LOG_NAME': 'DEBUG_training_log_efb1_im256_ampFalse_ver2'}
2020-10-15 19:46:49,659 - INFO - model_path_exist:True
2020-10-15 19:46:49,661 - INFO - oof_path_exist:True
2020-10-15 19:46:49,663 - INFO - predict_path_exist:True
2020-10-15 19:46:49,665 - INFO - LOG_DIR_exist:True
2020-10-15 19:46:49,666 - INFO - #####END######
2020-10-15 19:46:49,668 - INFO - ====================Fold0====================
2020-10-15 19:46:49,876 - INFO - device_GPU_True:True
2020-10-15 19:46:49,879 - INFO - Thu Oct 15 10:46:49 2020 Epoch:0
2020-10-15 19:47:14,149 - INFO - Thu Oct 15 10:47:14 2020 Fold 0, Epoch 0, lr: 0.0010000, train loss: 0.75115, valid loss: 0.80534, acc: 82.2667, val_auc: 0.514793, val_auc_20: 0.514793.
2020-10-15 19:47:14,150 - INFO - val_auc_max (0.000000 --> 0.514793). Saving model ...
2020-10-15 19:47:14,151 - INFO - save_path=/content/drive/My Drive/00Colab Notebooks/11Kaggle/melanoma/model/DEBUG_efb1_im256_ampFalse_ver2_fold0_1.pth
2020-10-15 19:47:14,305 - INFO - val_auc_20_max (0.000000 --> 0.514793). Saving model ...
2020-10-15 19:47:14,306 - INFO - save_path=/content/drive/My Drive/00Colab Notebooks/11Kaggle/melanoma/model/DEBUG_efb1_im256_ampFalse_ver2_fold0_1.pth
2020-10-15 19:47:14,459 - INFO - ====================Fold1====================
2020-10-15 19:47:14,650 - INFO - device_GPU_True:True
2020-10-15 19:47:14,657 - INFO - Thu Oct 15 10:47:14 2020 Epoch:0
2020-10-15 19:47:39,152 - INFO - Thu Oct 15 10:47:39 2020 Fold 1, Epoch 0, lr: 0.0010000, train loss: 0.67850, valid loss: 0.65929, acc: 88.0667, val_auc: 0.437323, val_auc_20: 0.437323.
2020-10-15 19:47:39,153 - INFO - val_auc_max (0.000000 --> 0.437323). Saving model ...
2020-10-15 19:47:39,154 - INFO - save_path=/content/drive/My Drive/00Colab Notebooks/11Kaggle/melanoma/model/DEBUG_efb1_im256_ampFalse_ver2_fold1_1.pth
2020-10-15 19:47:39,303 - INFO - val_auc_20_max (0.000000 --> 0.437323). Saving model ...
2020-10-15 19:47:39,305 - INFO - save_path=/content/drive/My Drive/00Colab Notebooks/11Kaggle/melanoma/model/DEBUG_efb1_im256_ampFalse_ver2_fold1_1.pth
2020-10-15 19:47:39,456 - INFO - train_finish
