2020-10-15 19:45:24,267 - INFO - logger set up
2020-10-15 19:45:24,269 - INFO - #########DEBUG-MODE#############
2020-10-15 19:45:24,270 - INFO - #####Print_Config######
2020-10-15 19:45:24,272 - INFO - {'image_name': 'image_name', 'target': 'target', 'extension': '.jpg', 'use_meta': True, 'use_external': True}
2020-10-15 19:45:24,273 - INFO - {'b_num': 'b1', 'out_features': 9, 'criterion': CrossEntropyLoss(), 'device': device(type='cuda'), 'use_meta': True}
2020-10-15 19:45:24,276 - INFO - {'DEBUG': True, 'USE_AMP': False, 'image_size': 256, 'epochs': 1, 'es_patience': 3, 'batch_size': 64, 'num_workers': 8, 'kfold': 2, 'fold_list': [0, 1, 2, 3, 4], 'train_aug': True, 'val_aug': False, 'test_aug': False, 'n_val': 1, 'TTA': 2, 'use_meta': True, 'target': 'target', 'out_features': 9, 'criterion': CrossEntropyLoss(), 'device': device(type='cuda')}
2020-10-15 19:45:24,277 - INFO - ----------------path------------------
2020-10-15 19:45:24,278 - INFO - {'df_train_preprocessed_path': '/content/df_train.csv', 'df_test_preprocessed_path': '/content/df_test.csv', 'VERSION': 2, 'model_path': '/content/drive/My Drive/00Colab Notebooks/11Kaggle/melanoma/model/DEBUG_efb1_im256_ampFalse_ver2', 'oof_path': '/content/drive/My Drive/00Colab Notebooks/11Kaggle/melanoma/sub_3/OOF_DEBUG_efb1_im256_ampFalse_ver2.csv', 'predict_path': '/content/drive/My Drive/00Colab Notebooks/11Kaggle/melanoma/sub_3/PREDICT_DEBUG_efb1_im256_ampFalse_ver2.csv', 'LOG_DIR': '/content/drive/My Drive/Pipeline/output_dir/', 'model_name': 'DEBUG_efb1_im256_ampFalse_ver2', 'LOG_NAME': 'DEBUG_training_log_efb1_im256_ampFalse_ver2'}
2020-10-15 19:45:24,280 - INFO - model_path_exist:True
2020-10-15 19:45:24,282 - INFO - oof_path_exist:True
2020-10-15 19:45:24,284 - INFO - predict_path_exist:True
2020-10-15 19:45:24,286 - INFO - LOG_DIR_exist:True
2020-10-15 19:45:24,287 - INFO - #####END######
2020-10-15 19:45:24,288 - INFO - ====================Fold0====================
2020-10-15 19:45:24,482 - INFO - device_GPU_True:True
2020-10-15 19:45:24,485 - INFO - Thu Oct 15 10:45:24 2020 Epoch:0
2020-10-15 19:45:48,788 - INFO - Thu Oct 15 10:45:48 2020 Fold 0, Epoch 0, lr: 0.0010000, train loss: 0.75115, valid loss: 0.80534, acc: 82.2667, val_auc: 0.514793, val_auc_20: 0.514793.
2020-10-15 19:45:48,789 - INFO - val_auc_max (0.000000 --> 0.514793). Saving model ...
2020-10-15 19:45:48,791 - INFO - save_path=/content/drive/My Drive/00Colab Notebooks/11Kaggle/melanoma/model/DEBUG_efb1_im256_ampFalse_ver2_fold0_1.pth
2020-10-15 19:45:48,941 - INFO - val_auc_20_max (0.000000 --> 0.514793). Saving model ...
2020-10-15 19:45:48,942 - INFO - save_path=/content/drive/My Drive/00Colab Notebooks/11Kaggle/melanoma/model/DEBUG_efb1_im256_ampFalse_ver2_fold0_1.pth
2020-10-15 19:45:49,090 - INFO - ====================Fold1====================
2020-10-15 19:45:49,280 - INFO - device_GPU_True:True
2020-10-15 19:45:49,286 - INFO - Thu Oct 15 10:45:49 2020 Epoch:0
2020-10-15 19:46:14,088 - INFO - Thu Oct 15 10:46:14 2020 Fold 1, Epoch 0, lr: 0.0010000, train loss: 0.67850, valid loss: 0.65929, acc: 88.0667, val_auc: 0.437323, val_auc_20: 0.437323.
2020-10-15 19:46:14,090 - INFO - val_auc_max (0.000000 --> 0.437323). Saving model ...
2020-10-15 19:46:14,091 - INFO - save_path=/content/drive/My Drive/00Colab Notebooks/11Kaggle/melanoma/model/DEBUG_efb1_im256_ampFalse_ver2_fold1_1.pth
2020-10-15 19:46:14,266 - INFO - val_auc_20_max (0.000000 --> 0.437323). Saving model ...
2020-10-15 19:46:14,267 - INFO - save_path=/content/drive/My Drive/00Colab Notebooks/11Kaggle/melanoma/model/DEBUG_efb1_im256_ampFalse_ver2_fold1_1.pth
2020-10-15 19:46:14,411 - INFO - train_finish
