2020-10-15 19:57:11,561 - INFO - logger set up
2020-10-15 19:57:11,563 - INFO - #########DEBUG-MODE#############
2020-10-15 19:57:11,565 - INFO - #####Print_Config######
2020-10-15 19:57:11,566 - INFO - {'image_name': 'image_name', 'target': 'target', 'extension': '.jpg', 'use_meta': True, 'use_external': True}
2020-10-15 19:57:11,568 - INFO - {'b_num': 'b1', 'out_features': 9, 'criterion': CrossEntropyLoss(), 'device': device(type='cuda'), 'use_meta': True}
2020-10-15 19:57:11,569 - INFO - {'DEBUG': True, 'USE_AMP': False, 'image_size': 256, 'epochs': 1, 'es_patience': 3, 'batch_size': 64, 'num_workers': 8, 'kfold': 2, 'fold_list': [0, 1, 2, 3, 4], 'train_aug': True, 'val_aug': False, 'test_aug': False, 'n_val': 1, 'TTA': 2, 'use_meta': True, 'target': 'target', 'out_features': 9, 'criterion': CrossEntropyLoss(), 'device': device(type='cuda')}
2020-10-15 19:57:11,570 - INFO - ----------------path------------------
2020-10-15 19:57:11,571 - INFO - {'df_train_preprocessed_path': '/content/df_train.csv', 'df_test_preprocessed_path': '/content/df_test.csv', 'VERSION': 2, 'model_path': '/content/drive/My Drive/00Colab Notebooks/11Kaggle/melanoma/model/DEBUG_efb1_im256_ampFalse_ver2', 'oof_path': '/content/drive/My Drive/00Colab Notebooks/11Kaggle/melanoma/sub_3/OOF_DEBUG_efb1_im256_ampFalse_ver2.csv', 'predict_path': '/content/drive/My Drive/00Colab Notebooks/11Kaggle/melanoma/sub_3/PREDICT_DEBUG_efb1_im256_ampFalse_ver2.csv', 'LOG_DIR': '/content/drive/My Drive/Pipeline/output_dir/', 'model_name': 'DEBUG_efb1_im256_ampFalse_ver2', 'LOG_NAME': 'DEBUG_training_log_efb1_im256_ampFalse_ver2'}
2020-10-15 19:57:11,573 - INFO - model_path_exist:True
2020-10-15 19:57:11,575 - INFO - oof_path_exist:True
2020-10-15 19:57:11,576 - INFO - predict_path_exist:True
2020-10-15 19:57:11,578 - INFO - LOG_DIR_exist:True
2020-10-15 19:57:11,579 - INFO - #####END######
2020-10-15 19:57:11,580 - INFO - ====================Fold0====================
2020-10-15 19:57:16,376 - INFO - device_GPU_True:True
2020-10-15 19:57:16,379 - INFO - Thu Oct 15 10:57:16 2020 Epoch:0
2020-10-15 20:04:05,485 - INFO - Thu Oct 15 11:04:05 2020 Fold 0, Epoch 0, lr: 0.0010000, train loss: 0.68313, valid loss: 0.56040, acc: 82.9446, val_auc: 0.904985, val_auc_20: 0.857751.
2020-10-15 20:04:05,486 - INFO - val_auc_max (0.000000 --> 0.904985). Saving model ...
2020-10-15 20:04:05,487 - INFO - save_path=/content/drive/My Drive/00Colab Notebooks/11Kaggle/melanoma/model/DEBUG_efb1_im256_ampFalse_ver2_fold0_1.pth
2020-10-15 20:04:05,629 - INFO - val_auc_20_max (0.000000 --> 0.857751). Saving model ...
2020-10-15 20:04:05,631 - INFO - save_path=/content/drive/My Drive/00Colab Notebooks/11Kaggle/melanoma/model/DEBUG_efb1_im256_ampFalse_ver2_fold0_1.pth
2020-10-15 20:04:05,778 - INFO - ====================Fold1====================
2020-10-15 20:04:05,988 - INFO - device_GPU_True:True
2020-10-15 20:04:05,993 - INFO - Thu Oct 15 11:04:05 2020 Epoch:0
2020-10-15 20:10:53,888 - INFO - Thu Oct 15 11:10:53 2020 Fold 1, Epoch 0, lr: 0.0010000, train loss: 0.67923, valid loss: 0.58037, acc: 81.8543, val_auc: 0.899765, val_auc_20: 0.818274.
2020-10-15 20:10:53,889 - INFO - val_auc_max (0.000000 --> 0.899765). Saving model ...
2020-10-15 20:10:53,890 - INFO - save_path=/content/drive/My Drive/00Colab Notebooks/11Kaggle/melanoma/model/DEBUG_efb1_im256_ampFalse_ver2_fold1_1.pth
2020-10-15 20:10:54,035 - INFO - val_auc_20_max (0.000000 --> 0.818274). Saving model ...
2020-10-15 20:10:54,038 - INFO - save_path=/content/drive/My Drive/00Colab Notebooks/11Kaggle/melanoma/model/DEBUG_efb1_im256_ampFalse_ver2_fold1_1.pth
2020-10-15 20:10:54,179 - INFO - train_finish
