2020-10-15 18:27:52,154 - INFO - logger set up
2020-10-15 18:27:52,156 - INFO - #########DEBUG-MODE#############
2020-10-15 18:27:52,158 - INFO - #####Print_Config######
2020-10-15 18:27:52,159 - INFO - {'image_name': 'image_name', 'target': 'target', 'extension': '.jpg', 'use_meta': True, 'use_external': True}
2020-10-15 18:27:52,161 - INFO - {'b_num': 'b1', 'out_features': 9, 'criterion': CrossEntropyLoss(), 'device': device(type='cuda'), 'use_meta': True}
2020-10-15 18:27:52,162 - INFO - {'DEBUG': True, 'USE_AMP': False, 'image_size': 256, 'epochs': 1, 'es_patience': 3, 'batch_size': 64, 'num_workers': 8, 'kfold': 2, 'fold_list': [0, 1, 2, 3, 4], 'train_aug': True, 'val_aug': False, 'test_aug': False, 'n_val': 1, 'TTA': 2, 'use_meta': True, 'target': 'target', 'out_features': 9, 'criterion': CrossEntropyLoss(), 'device': device(type='cuda')}
2020-10-15 18:27:52,164 - INFO - ----------------path------------------
2020-10-15 18:27:52,165 - INFO - {'df_train_preprocessed_path': '/content/df_train.csv', 'df_test_preprocessed_path': '/content/df_test.csv', 'VERSION': 2, 'model_path': '/content/drive/My Drive/00Colab Notebooks/11Kaggle/melanoma/model/DEBUG_efb1_im256_ampFalse_ver2', 'oof_path': '/content/drive/My Drive/00Colab Notebooks/11Kaggle/melanoma/sub_3/OOF_DEBUG_efb1_im256_ampFalse_ver2.csv', 'predict_path': '/content/drive/My Drive/00Colab Notebooks/11Kaggle/melanoma/sub_3/PREDICT_DEBUG_efb1_im256_ampFalse_ver2.csv', 'LOG_DIR': '/content/drive/My Drive/Pipeline/output_dir/', 'model_name': 'DEBUG_efb1_im256_ampFalse_ver2', 'LOG_NAME': 'DEBUG_training_log_efb1_im256_ampFalse_ver2'}
2020-10-15 18:27:52,167 - INFO - model_path_exist:True
2020-10-15 18:27:52,169 - INFO - oof_path_exist:True
2020-10-15 18:27:52,170 - INFO - predict_path_exist:True
2020-10-15 18:27:52,172 - INFO - LOG_DIR_exist:True
2020-10-15 18:27:52,173 - INFO - #####END######
2020-10-15 18:27:52,174 - INFO - ====================Fold0====================
2020-10-15 18:27:52,374 - INFO - device_GPU_True:True
2020-10-15 18:27:52,377 - INFO - Thu Oct 15 09:27:52 2020 Epoch:0
2020-10-15 18:28:31,156 - INFO - Thu Oct 15 09:28:31 2020 Fold 0, Epoch 0, lr: 0.0010000, train loss: 0.60962, valid loss: 0.77028, acc: 83.0400, val_auc: 0.600017, val_auc_20: 0.600017.
2020-10-15 18:28:31,158 - INFO - val_auc_max (0.000000 --> 0.600017). Saving model ...
2020-10-15 18:28:31,159 - INFO - save_path=/content/drive/My Drive/00Colab Notebooks/11Kaggle/melanoma/model/DEBUG_efb1_im256_ampFalse_ver2_fold0_1.pth
2020-10-15 18:28:31,303 - INFO - val_auc_20_max (0.000000 --> 0.600017). Saving model ...
2020-10-15 18:28:31,305 - INFO - save_path=/content/drive/My Drive/00Colab Notebooks/11Kaggle/melanoma/model/DEBUG_efb1_im256_ampFalse_ver2_fold0_1.pth
2020-10-15 18:28:31,446 - INFO - ====================Fold1====================
2020-10-15 18:28:31,631 - INFO - device_GPU_True:True
2020-10-15 18:28:31,637 - INFO - Thu Oct 15 09:28:31 2020 Epoch:0
2020-10-15 18:29:10,948 - INFO - Thu Oct 15 09:29:10 2020 Fold 1, Epoch 0, lr: 0.0010000, train loss: 0.58575, valid loss: 0.84427, acc: 83.6400, val_auc: 0.599512, val_auc_20: 0.599512.
2020-10-15 18:29:10,949 - INFO - val_auc_max (0.000000 --> 0.599512). Saving model ...
2020-10-15 18:29:10,951 - INFO - save_path=/content/drive/My Drive/00Colab Notebooks/11Kaggle/melanoma/model/DEBUG_efb1_im256_ampFalse_ver2_fold1_1.pth
2020-10-15 18:29:11,103 - INFO - val_auc_20_max (0.000000 --> 0.599512). Saving model ...
2020-10-15 18:29:11,105 - INFO - save_path=/content/drive/My Drive/00Colab Notebooks/11Kaggle/melanoma/model/DEBUG_efb1_im256_ampFalse_ver2_fold1_1.pth
2020-10-15 18:29:11,250 - INFO - train_finish
