2020-10-15 19:29:49,109 - INFO - logger set up
2020-10-15 19:29:49,111 - INFO - #########DEBUG-MODE#############
2020-10-15 19:29:49,112 - INFO - #####Print_Config######
2020-10-15 19:29:49,114 - INFO - {'image_name': 'image_name', 'target': 'target', 'extension': '.jpg', 'use_meta': True, 'use_external': True}
2020-10-15 19:29:49,115 - INFO - {'b_num': 'b1', 'out_features': 9, 'criterion': CrossEntropyLoss(), 'device': device(type='cuda'), 'use_meta': True}
2020-10-15 19:29:49,117 - INFO - {'DEBUG': True, 'USE_AMP': False, 'image_size': 256, 'epochs': 1, 'es_patience': 3, 'batch_size': 64, 'num_workers': 8, 'kfold': 2, 'fold_list': [0, 1, 2, 3, 4], 'train_aug': True, 'val_aug': False, 'test_aug': False, 'n_val': 1, 'TTA': 2, 'use_meta': True, 'target': 'target', 'out_features': 9, 'criterion': CrossEntropyLoss(), 'device': device(type='cuda')}
2020-10-15 19:29:49,118 - INFO - ----------------path------------------
2020-10-15 19:29:49,119 - INFO - {'df_train_preprocessed_path': '/content/df_train.csv', 'df_test_preprocessed_path': '/content/df_test.csv', 'VERSION': 2, 'model_path': '/content/drive/My Drive/00Colab Notebooks/11Kaggle/melanoma/model/DEBUG_efb1_im256_ampFalse_ver2', 'oof_path': '/content/drive/My Drive/00Colab Notebooks/11Kaggle/melanoma/sub_3/OOF_DEBUG_efb1_im256_ampFalse_ver2.csv', 'predict_path': '/content/drive/My Drive/00Colab Notebooks/11Kaggle/melanoma/sub_3/PREDICT_DEBUG_efb1_im256_ampFalse_ver2.csv', 'LOG_DIR': '/content/drive/My Drive/Pipeline/output_dir/', 'model_name': 'DEBUG_efb1_im256_ampFalse_ver2', 'LOG_NAME': 'DEBUG_training_log_efb1_im256_ampFalse_ver2'}
2020-10-15 19:29:49,121 - INFO - model_path_exist:True
2020-10-15 19:29:49,123 - INFO - oof_path_exist:True
2020-10-15 19:29:49,125 - INFO - predict_path_exist:True
2020-10-15 19:29:49,126 - INFO - LOG_DIR_exist:True
2020-10-15 19:29:49,128 - INFO - #####END######
2020-10-15 19:29:49,129 - INFO - ====================Fold0====================
2020-10-15 19:29:49,325 - INFO - device_GPU_True:True
2020-10-15 19:29:49,328 - INFO - Thu Oct 15 10:29:49 2020 Epoch:0
2020-10-15 19:30:13,996 - INFO - Thu Oct 15 10:30:13 2020 Fold 0, Epoch 0, lr: 0.0010000, train loss: 0.75115, valid loss: 0.80534, acc: 82.2667, val_auc: 0.514793, val_auc_20: 0.514793.
2020-10-15 19:30:13,997 - INFO - val_auc_max (0.000000 --> 0.514793). Saving model ...
2020-10-15 19:30:14,999 - INFO - save_path=/content/drive/My Drive/00Colab Notebooks/11Kaggle/melanoma/model/DEBUG_efb1_im256_ampFalse_ver2_fold0_1.pth
2020-10-15 19:30:14,151 - INFO - val_auc_20_max (0.000000 --> 0.514793). Saving model ...
2020-10-15 19:30:14,152 - INFO - save_path=/content/drive/My Drive/00Colab Notebooks/11Kaggle/melanoma/model/DEBUG_efb1_im256_ampFalse_ver2_fold0_1.pth
2020-10-15 19:30:14,297 - INFO - ====================Fold1====================
2020-10-15 19:30:14,489 - INFO - device_GPU_True:True
2020-10-15 19:30:14,495 - INFO - Thu Oct 15 10:30:14 2020 Epoch:0
