2020-09-25 11:59:00,536 - INFO - logger set up
2020-09-25 11:59:00,538 - INFO - #####Print_Config######
2020-09-25 11:59:00,540 - INFO - DEBUG:False
2020-09-25 11:59:00,541 - INFO - image_size:512
2020-09-25 11:59:00,542 - INFO - epochs:12
2020-09-25 11:59:00,544 - INFO - es_patience:3
2020-09-25 11:59:00,545 - INFO - batch_size:16
2020-09-25 11:59:00,546 - INFO - num_workers:8
2020-09-25 11:59:00,548 - INFO - kfold:5
2020-09-25 11:59:00,549 - INFO - b_num:b3
2020-09-25 11:59:00,550 - INFO - train_aug,val_aug:True
2020-09-25 11:59:00,551 - INFO - --------path----------
2020-09-25 11:59:00,552 - INFO - model_name:efb3_im512_tta12_ver1
2020-09-25 11:59:00,554 - INFO - model_path:/content/drive/My Drive/00Colab Notebooks/11Kaggle/melanoma/model/:True
2020-09-25 11:59:00,556 - INFO - predict_path:/content/drive/My Drive/00Colab Notebooks/11Kaggle/melanoma/sub_3/:True
2020-09-25 11:59:00,558 - INFO - oof_path:/content/drive/My Drive/00Colab Notebooks/11Kaggle/melanoma/sub_3/:True
2020-09-25 11:59:00,559 - INFO - #####END######
2020-09-25 11:59:00,585 - INFO - device_CPU_GPU:cuda
2020-09-25 11:59:03,655 - INFO - ====================Fold0====================
2020-09-25 12:20:45,931 - INFO - Epoch 001: | Loss: 151.040 | Train acc: 0.982 | Val acc: 0.982 | Val roc_auc: 0.775 | Training time: 0:21:42
2020-09-25 12:42:26,233 - INFO - Epoch 002: | Loss: 145.756 | Train acc: 0.982 | Val acc: 0.982 | Val roc_auc: 0.684 | Training time: 0:21:40
2020-09-25 13:04:07,835 - INFO - Epoch 003: | Loss: 146.725 | Train acc: 0.982 | Val acc: 0.982 | Val roc_auc: 0.567 | Training time: 0:21:41
2020-09-25 13:25:48,724 - INFO - Epoch 004: | Loss: 143.009 | Train acc: 0.982 | Val acc: 0.982 | Val roc_auc: 0.711 | Training time: 0:21:40
2020-09-25 13:25:48,727 - INFO - Early stopping. Best Val roc_auc: 0.775
2020-09-25 13:27:04,386 - INFO - ====================Fold1====================
2020-09-25 13:48:51,363 - INFO - Epoch 001: | Loss: 150.567 | Train acc: 0.982 | Val acc: 0.982 | Val roc_auc: 0.761 | Training time: 0:21:46
2020-09-25 14:10:31,157 - INFO - Epoch 002: | Loss: 146.955 | Train acc: 0.982 | Val acc: 0.982 | Val roc_auc: 0.332 | Training time: 0:21:39
2020-09-25 14:32:11,918 - INFO - Epoch 003: | Loss: 146.939 | Train acc: 0.982 | Val acc: 0.982 | Val roc_auc: 0.768 | Training time: 0:21:40
2020-09-25 14:53:54,596 - INFO - Epoch 004: | Loss: 144.694 | Train acc: 0.982 | Val acc: 0.982 | Val roc_auc: 0.543 | Training time: 0:21:42
2020-09-25 15:15:38,564 - INFO - Epoch 005: | Loss: 144.439 | Train acc: 0.982 | Val acc: 0.982 | Val roc_auc: 0.739 | Training time: 0:21:43
2020-09-25 15:37:20,922 - INFO - Epoch 006: | Loss: 139.308 | Train acc: 0.982 | Val acc: 0.982 | Val roc_auc: 0.768 | Training time: 0:21:42
